<?xml version="1.0" encoding="UTF-8" ?>
<testsuites>
  <testsuite errors="0" failures="0" hostname="DESKTOP-4N7TCRQ" id="0" name="NumericBinaryTreeTest" package="" skipped="0" tests="33" time="0.247" timestamp="2017-11-13T00:26:57">
      <properties>
[...]
</properties>

      <testcase classname="NumericBinaryTreeTest" name="equalsNullTest" time="0.0" />

      <testcase classname="NumericBinaryTreeTest" name="emptyTreeTest" time="0.0" />

      <testcase classname="NumericBinaryTreeTest" name="emptyTreeSetLeftChildException" time="0.0" />

      <testcase classname="NumericBinaryTreeTest" name="postorderValuesTest" time="0.001" />

      <testcase classname="NumericBinaryTreeTest" name="serializationDefaultEmptyTest" time="0.033" />

      <testcase classname="NumericBinaryTreeTest" name="equalsMTTest" time="0.0" />

      <testcase classname="NumericBinaryTreeTest" name="mutationTest" time="0.0" />

      <testcase classname="NumericBinaryTreeTest" name="multiNodeConstructionTest" time="0.0" />

      <testcase classname="NumericBinaryTreeTest" name="emptyTreeGetRightChildException" time="0.0" />

      <testcase classname="NumericBinaryTreeTest" name="serializationDefaultNonemptyTest" time="0.0" />

      <testcase classname="NumericBinaryTreeTest" name="preorderValuesTest" time="0.0" />

      <testcase classname="NumericBinaryTreeTest" name="oneNodeSecondaryTest" time="0.0" />

      <testcase classname="NumericBinaryTreeTest" name="equalsOtherClassTest" time="0.0" />

      <testcase classname="NumericBinaryTreeTest" name="inorderValuesTest" time="0.0" />

      <testcase classname="NumericBinaryTreeTest" name="emptyTreeSetValueException" time="0.0" />

      <testcase classname="NumericBinaryTreeTest" name="emptyTreeSetRightChildException" time="0.0" />

      <testcase classname="NumericBinaryTreeTest" name="emptyTreeGetLeftChildException" time="0.0" />

      <testcase classname="NumericBinaryTreeTest" name="iteratorTest" time="0.0" />

      <testcase classname="NumericBinaryTreeTest" name="illegalValueConstructorException" time="0.0" />

      <testcase classname="NumericBinaryTreeTest" name="serializationNonemptyTest" time="0.0" />

      <testcase classname="NumericBinaryTreeTest" name="serializationEmptyTest" time="0.0" />

      <testcase classname="NumericBinaryTreeTest" name="emptyTreeNumberOfLeavesException" time="0.0" />

      <testcase classname="NumericBinaryTreeTest" name="emptyTreeGetValueException" time="0.0" />

      <testcase classname="NumericBinaryTreeTest" name="treeToString" time="0.0" />

      <testcase classname="NumericBinaryTreeTest" name="postorderNodesTest" time="0.0" />

      <testcase classname="NumericBinaryTreeTest" name="oneNodeTest" time="0.0" />

      <testcase classname="NumericBinaryTreeTest" name="hashCodeTest" time="0.0" />

      <testcase classname="NumericBinaryTreeTest" name="equalsStandardTest" time="0.0" />

      <testcase classname="NumericBinaryTreeTest" name="inorderNodesTest" time="0.0" />

      <testcase classname="NumericBinaryTreeTest" name="emptyTreeIsLeafException" time="0.015" />

      <testcase classname="NumericBinaryTreeTest" name="equalsRootOnlyTest" time="0.0" />

      <testcase classname="NumericBinaryTreeTest" name="preorderNodesTest" time="0.0" />

      <testcase classname="NumericBinaryTreeTest" name="valuesTest" time="0.0" />

      <system-out><![CDATA[]]></system-out>

      <system-err><![CDATA[]]></system-err>

  </testsuite>
</testsuites>
